<?xml version="1.0" encoding="UTF-8"?>
<!-- Generated by org.testng.reporters.JUnitReportReporter -->
<testsuite hostname="ADITYA" failures="0" tests="1" name="pracitce.CreateOrginisation" time="0.008" errors="0" timestamp="2024-07-30T15:57:20 IST" skipped="0">
  <testcase classname="pracitce.CreateOrginisation" name="OrginisationTest" time="0.008"/>
</testsuite> <!-- pracitce.CreateOrginisation -->
